app/portal/pages-temp/ClientPortal.tsx(15,31): error TS2307: Cannot find module '@/components/InstallPrompt' or its corresponding type declarations.
app/portal/pages-temp/ClientPortal.tsx(129,21): error TS2345: Argument of type 'any[]' is not assignable to parameter of type 'SetStateAction<never[]>'.
  Type 'any[]' is not assignable to type 'never[]'.
    Type 'any' is not assignable to type 'never'.
app/portal/pages-temp/ClientPortal.tsx(148,19): error TS2345: Argument of type 'any[]' is not assignable to parameter of type 'SetStateAction<never[]>'.
  Type 'any[]' is not assignable to type 'never[]'.
    Type 'any' is not assignable to type 'never'.
app/portal/pages-temp/ClientPortal.tsx(170,31): error TS7006: Parameter 'quote' implicitly has an 'any' type.
app/portal/pages-temp/ClientPortal.tsx(176,32): error TS7006: Parameter 'dataUrl' implicitly has an 'any' type.
app/portal/pages-temp/ClientPortal.tsx(190,26): error TS7006: Parameter 'dataurl' implicitly has an 'any' type.
app/portal/pages-temp/ClientPortal.tsx(205,38): error TS7006: Parameter 'file' implicitly has an 'any' type.
app/portal/pages-temp/ClientPortal.tsx(205,44): error TS7006: Parameter 'path' implicitly has an 'any' type.
app/portal/pages-temp/ClientPortal.tsx(232,26): error TS7006: Parameter 'url' implicitly has an 'any' type.
app/portal/pages-temp/ClientPortal.tsx(232,31): error TS7006: Parameter 'filename' implicitly has an 'any' type.
app/portal/pages-temp/ClientPortal.tsx(244,40): error TS7006: Parameter 'paymentProofFile' implicitly has an 'any' type.
app/portal/pages-temp/ClientPortal.tsx(256,77): error TS18047: 'acceptingQuote' is possibly 'null'.
app/portal/pages-temp/ClientPortal.tsx(261,128): error TS18047: 'acceptingQuote' is possibly 'null'.
app/portal/pages-temp/ClientPortal.tsx(271,19): error TS18047: 'acceptingQuote' is possibly 'null'.
app/portal/pages-temp/ClientPortal.tsx(277,73): error TS18047: 'acceptingQuote' is possibly 'null'.
app/portal/pages-temp/ClientPortal.tsx(278,28): error TS18047: 'acceptingQuote' is possibly 'null'.
app/portal/pages-temp/ClientPortal.tsx(287,40): error TS18046: 'error' is of type 'unknown'.
app/portal/pages-temp/ClientPortal.tsx(291,42): error TS7006: Parameter 'proofFile' implicitly has an 'any' type.
app/portal/pages-temp/ClientPortal.tsx(296,76): error TS18047: 'acceptingQuote' is possibly 'null'.
app/portal/pages-temp/ClientPortal.tsx(304,19): error TS18047: 'acceptingQuote' is possibly 'null'.
app/portal/pages-temp/ClientPortal.tsx(310,76): error TS18047: 'acceptingQuote' is possibly 'null'.
app/portal/pages-temp/ClientPortal.tsx(311,28): error TS18047: 'acceptingQuote' is possibly 'null'.
app/portal/pages-temp/ClientPortal.tsx(320,40): error TS18046: 'error' is of type 'unknown'.
app/portal/pages-temp/ClientPortal.tsx(326,32): error TS7006: Parameter 'quote' implicitly has an 'any' type.
app/portal/pages-temp/ClientPortal.tsx(337,27): error TS7006: Parameter 'status' implicitly has an 'any' type.
app/portal/pages-temp/ClientPortal.tsx(379,22): error TS2339: Property 'status' does not exist on type 'never'.
app/portal/pages-temp/ClientPortal.tsx(379,45): error TS2339: Property 'status' does not exist on type 'never'.
app/portal/pages-temp/ClientPortal.tsx(380,36): error TS2339: Property 'total_amount' does not exist on type 'never'.
app/portal/pages-temp/ClientPortal.tsx(382,24): error TS2339: Property 'status' does not exist on type 'never'.
app/portal/pages-temp/ClientPortal.tsx(382,51): error TS2339: Property 'status' does not exist on type 'never'.
app/portal/pages-temp/ClientPortal.tsx(385,17): error TS2339: Property 'final_payment_approved' does not exist on type 'never'.
app/portal/pages-temp/ClientPortal.tsx(387,32): error TS2339: Property 'status' does not exist on type 'never'.
app/portal/pages-temp/ClientPortal.tsx(387,59): error TS2339: Property 'admin_approved' does not exist on type 'never'.
app/portal/pages-temp/ClientPortal.tsx(388,35): error TS2339: Property 'payment_type' does not exist on type 'never'.
app/portal/pages-temp/ClientPortal.tsx(388,70): error TS2339: Property 'deposit_percentage' does not exist on type 'never'.
app/portal/pages-temp/ClientPortal.tsx(390,29): error TS2339: Property 'total_amount' does not exist on type 'never'.
app/portal/pages-temp/ClientPortal.tsx(392,29): error TS2339: Property 'total_amount' does not exist on type 'never'.
app/portal/pages-temp/ClientPortal.tsx(397,22): error TS2339: Property 'status' does not exist on type 'never'.
app/portal/pages-temp/ClientPortal.tsx(405,22): error TS2339: Property 'final_payment_approved' does not exist on type 'never'.
app/portal/pages-temp/ClientPortal.tsx(419,129): error TS2339: Property 'name' does not exist on type 'never'.
app/portal/pages-temp/ClientPortal.tsx(485,29): error TS2339: Property 'id' does not exist on type 'never'.
app/portal/pages-temp/ClientPortal.tsx(493,106): error TS2339: Property 'id' does not exist on type 'never'.
app/portal/pages-temp/ClientPortal.tsx(513,41): error TS2339: Property 'status' does not exist on type 'never'.
app/portal/pages-temp/ClientPortal.tsx(514,29): error TS2339: Property 'id' does not exist on type 'never'.
app/portal/pages-temp/ClientPortal.tsx(522,78): error TS2339: Property 'date_created' does not exist on type 'never'.
app/portal/pages-temp/ClientPortal.tsx(524,102): error TS2339: Property 'id' does not exist on type 'never'.
app/portal/pages-temp/ClientPortal.tsx(526,110): error TS2339: Property 'total_amount' does not exist on type 'never'.
app/portal/pages-temp/ClientPortal.tsx(535,39): error TS2339: Property 'status' does not exist on type 'never'.
app/portal/pages-temp/ClientPortal.tsx(535,62): error TS2339: Property 'status' does not exist on type 'never'.
app/portal/pages-temp/ClientPortal.tsx(536,31): error TS2339: Property 'id' does not exist on type 'never'.
app/portal/pages-temp/ClientPortal.tsx(544,80): error TS2339: Property 'date_created' does not exist on type 'never'.
app/portal/pages-temp/ClientPortal.tsx(546,106): error TS2339: Property 'id' does not exist on type 'never'.
app/portal/pages-temp/ClientPortal.tsx(548,118): error TS2339: Property 'total_amount' does not exist on type 'never'.
app/portal/pages-temp/ClientPortal.tsx(585,338): error TS2339: Property 'address' does not exist on type 'never'.
app/portal/pages-temp/ClientPortal.tsx(631,176): error TS2339: Property 'name' does not exist on type 'never'.
app/portal/pages-temp/ClientPortal.tsx(639,10): error TS2741: Property 'defaultValue' is missing in type '{ children: Element[]; value: string; onValueChange: Dispatch<SetStateAction<string>>; className: string; }' but required in type '{ [x: string]: any; value: any; defaultValue: any; onValueChange: any; children: any; className: any; }'.
app/portal/pages-temp/ClientPortal.tsx(642,16): error TS2322: Type '{ children: Element[]; className: string; }' is not assignable to type 'IntrinsicAttributes & RefAttributes<any>'.
  Property 'children' does not exist on type 'IntrinsicAttributes & RefAttributes<any>'.
app/portal/pages-temp/ClientPortal.tsx(644,18): error TS2322: Type '{ children: string; value: string; className: string; }' is not assignable to type 'IntrinsicAttributes & RefAttributes<any>'.
  Property 'children' does not exist on type 'IntrinsicAttributes & RefAttributes<any>'.
app/portal/pages-temp/ClientPortal.tsx(645,18): error TS2322: Type '{ children: string; value: string; className: string; }' is not assignable to type 'IntrinsicAttributes & RefAttributes<any>'.
  Property 'children' does not exist on type 'IntrinsicAttributes & RefAttributes<any>'.
app/portal/pages-temp/ClientPortal.tsx(646,18): error TS2322: Type '{ children: string; value: string; className: string; }' is not assignable to type 'IntrinsicAttributes & RefAttributes<any>'.
  Property 'children' does not exist on type 'IntrinsicAttributes & RefAttributes<any>'.
app/portal/pages-temp/ClientPortal.tsx(647,18): error TS2322: Type '{ children: string; value: string; className: string; }' is not assignable to type 'IntrinsicAttributes & RefAttributes<any>'.
  Property 'children' does not exist on type 'IntrinsicAttributes & RefAttributes<any>'.
app/portal/pages-temp/ClientPortal.tsx(652,12): error TS2322: Type '{ children: Element; value: string; }' is not assignable to type 'IntrinsicAttributes & RefAttributes<any>'.
  Property 'children' does not exist on type 'IntrinsicAttributes & RefAttributes<any>'.
app/portal/pages-temp/ClientPortal.tsx(656,12): error TS2322: Type '{ children: (false | Element | Element[])[]; value: string; className: string; }' is not assignable to type 'IntrinsicAttributes & RefAttributes<any>'.
  Property 'children' does not exist on type 'IntrinsicAttributes & RefAttributes<any>'.
app/portal/pages-temp/ClientPortal.tsx(658,30): error TS2339: Property 'status' does not exist on type 'never'.
app/portal/pages-temp/ClientPortal.tsx(658,53): error TS2339: Property 'status' does not exist on type 'never'.
app/portal/pages-temp/ClientPortal.tsx(658,77): error TS2339: Property 'status' does not exist on type 'never'.
app/portal/pages-temp/ClientPortal.tsx(660,38): error TS2339: Property 'id' does not exist on type 'never'.
app/portal/pages-temp/ClientPortal.tsx(664,74): error TS2339: Property 'status' does not exist on type 'never'.
app/portal/pages-temp/ClientPortal.tsx(671,41): error TS2339: Property 'id' does not exist on type 'never'.
app/portal/pages-temp/ClientPortal.tsx(673,131): error TS2339: Property 'date_created' does not exist on type 'never'.
app/portal/pages-temp/ClientPortal.tsx(677,136): error TS2339: Property 'status' does not exist on type 'never'.
app/portal/pages-temp/ClientPortal.tsx(677,157): error TS2339: Property 'status' does not exist on type 'never'.
app/portal/pages-temp/ClientPortal.tsx(683,137): error TS2339: Property 'total_amount' does not exist on type 'never'.
app/portal/pages-temp/ClientPortal.tsx(687,203): error TS2698: Spread types may only be created from object types.
app/portal/pages-temp/ClientPortal.tsx(691,34): error TS2339: Property 'status' does not exist on type 'never'.
app/portal/pages-temp/ClientPortal.tsx(698,32): error TS2339: Property 'status' does not exist on type 'never'.
app/portal/pages-temp/ClientPortal.tsx(708,39): error TS2339: Property 'status' does not exist on type 'never'.
app/portal/pages-temp/ClientPortal.tsx(708,62): error TS2339: Property 'status' does not exist on type 'never'.
app/portal/pages-temp/ClientPortal.tsx(719,12): error TS2322: Type '{ children: Element[]; value: string; className: string; }' is not assignable to type 'IntrinsicAttributes & RefAttributes<any>'.
  Property 'children' does not exist on type 'IntrinsicAttributes & RefAttributes<any>'.
app/portal/pages-temp/ClientPortal.tsx(721,30): error TS2339: Property 'status' does not exist on type 'never'.
app/portal/pages-temp/ClientPortal.tsx(721,57): error TS2339: Property 'status' does not exist on type 'never'.
app/portal/pages-temp/ClientPortal.tsx(723,38): error TS2339: Property 'id' does not exist on type 'never'.
app/portal/pages-temp/ClientPortal.tsx(737,41): error TS2339: Property 'id' does not exist on type 'never'.
app/portal/pages-temp/ClientPortal.tsx(739,141): error TS2339: Property 'accepted_at' does not exist on type 'never'.
app/portal/pages-temp/ClientPortal.tsx(739,166): error TS2339: Property 'date_created' does not exist on type 'never'.
app/portal/pages-temp/ClientPortal.tsx(748,137): error TS2339: Property 'total_amount' does not exist on type 'never'.
app/portal/pages-temp/ClientPortal.tsx(753,34): error TS2339: Property 'status' does not exist on type 'never'.
app/portal/pages-temp/ClientPortal.tsx(753,69): error TS2339: Property 'admin_approved' does not exist on type 'never'.
app/portal/pages-temp/ClientPortal.tsx(757,35): error TS2339: Property 'status' does not exist on type 'never'.
app/portal/pages-temp/ClientPortal.tsx(757,70): error TS2339: Property 'admin_approved' does not exist on type 'never'.
app/portal/pages-temp/ClientPortal.tsx(759,59): error TS2339: Property 'payment_type' does not exist on type 'never'.
app/portal/pages-temp/ClientPortal.tsx(759,102): error TS2339: Property 'deposit_percentage' does not exist on type 'never'.
app/portal/pages-temp/ClientPortal.tsx(760,53): error TS2339: Property 'total_amount' does not exist on type 'never'.
app/portal/pages-temp/ClientPortal.tsx(765,59): error TS2339: Property 'payment_type' does not exist on type 'never'.
app/portal/pages-temp/ClientPortal.tsx(765,102): error TS2339: Property 'deposit_percentage' does not exist on type 'never'.
app/portal/pages-temp/ClientPortal.tsx(766,59): error TS2339: Property 'total_amount' does not exist on type 'never'.
app/portal/pages-temp/ClientPortal.tsx(770,44): error TS2339: Property 'payment_proof' does not exist on type 'never'.
app/portal/pages-temp/ClientPortal.tsx(770,98): error TS2339: Property 'payment_type' does not exist on type 'never'.
app/portal/pages-temp/ClientPortal.tsx(780,203): error TS2698: Spread types may only be created from object types.
app/portal/pages-temp/ClientPortal.tsx(785,34): error TS2339: Property 'payment_proof' does not exist on type 'never'.
app/portal/pages-temp/ClientPortal.tsx(785,62): error TS2339: Property 'final_payment_proof' does not exist on type 'never'.
app/portal/pages-temp/ClientPortal.tsx(789,66): error TS2339: Property 'payment_proof' does not exist on type 'never'.
app/portal/pages-temp/ClientPortal.tsx(789,107): error TS2339: Property 'id' does not exist on type 'never'.
app/portal/pages-temp/ClientPortal.tsx(797,35): error TS2339: Property 'status' does not exist on type 'never'.
app/portal/pages-temp/ClientPortal.tsx(797,70): error TS2339: Property 'admin_approved' does not exist on type 'never'.
app/portal/pages-temp/ClientPortal.tsx(797,100): error TS2339: Property 'final_payment_approved' does not exist on type 'never'.
app/portal/pages-temp/ClientPortal.tsx(799,39): error TS2339: Property 'final_payment_proof' does not exist on type 'never'.
app/portal/pages-temp/ClientPortal.tsx(814,70): error TS2339: Property 'final_payment_proof' does not exist on type 'never'.
app/portal/pages-temp/ClientPortal.tsx(814,115): error TS2339: Property 'id' does not exist on type 'never'.
app/portal/pages-temp/ClientPortal.tsx(828,12): error TS2322: Type '{ children: (false | Element | Element[])[]; value: string; className: string; }' is not assignable to type 'IntrinsicAttributes & RefAttributes<any>'.
  Property 'children' does not exist on type 'IntrinsicAttributes & RefAttributes<any>'.
app/portal/pages-temp/ClientPortal.tsx(830,34): error TS2339: Property 'status' does not exist on type 'never'.
app/portal/pages-temp/ClientPortal.tsx(832,36): error TS2339: Property 'id' does not exist on type 'never'.
app/portal/pages-temp/ClientPortal.tsx(836,72): error TS2339: Property 'status' does not exist on type 'never'.
app/portal/pages-temp/ClientPortal.tsx(844,117): error TS2339: Property 'id' does not exist on type 'never'.
app/portal/pages-temp/ClientPortal.tsx(845,125): error TS2339: Property 'date_created' does not exist on type 'never'.
app/portal/pages-temp/ClientPortal.tsx(848,112): error TS2339: Property 'status' does not exist on type 'never'.
app/portal/pages-temp/ClientPortal.tsx(848,131): error TS2339: Property 'status' does not exist on type 'never'.
app/portal/pages-temp/ClientPortal.tsx(854,135): error TS2339: Property 'total_amount' does not exist on type 'never'.
app/portal/pages-temp/ClientPortal.tsx(857,233): error TS2698: Spread types may only be created from object types.
app/portal/pages-temp/ClientPortal.tsx(864,41): error TS2339: Property 'status' does not exist on type 'never'.
app/portal/pages-temp/ClientPortal.tsx(890,46): error TS7006: Parameter 'open' implicitly has an 'any' type.
app/portal/pages-temp/ClientPortal.tsx(891,10): error TS2322: Type '{ children: (false | Element)[]; className: string; }' is not assignable to type 'IntrinsicAttributes & RefAttributes<any>'.
  Property 'children' does not exist on type 'IntrinsicAttributes & RefAttributes<any>'.
app/portal/pages-temp/ClientPortal.tsx(895,12): error TS2322: Type '{ children: Element[]; className: string; }' is not assignable to type 'IntrinsicAttributes & RefAttributes<any>'.
  Property 'children' does not exist on type 'IntrinsicAttributes & RefAttributes<any>'.
app/portal/pages-temp/ClientPortal.tsx(896,14): error TS2322: Type '{ children: Element; className: string; }' is not assignable to type 'IntrinsicAttributes & RefAttributes<any>'.
  Property 'children' does not exist on type 'IntrinsicAttributes & RefAttributes<any>'.
app/portal/pages-temp/ClientPortal.tsx(913,14): error TS2322: Type '{ children: string; className: string; }' is not assignable to type 'IntrinsicAttributes & RefAttributes<any>'.
  Property 'children' does not exist on type 'IntrinsicAttributes & RefAttributes<any>'.
app/portal/pages-temp/ClientPortal.tsx(928,16): error TS2322: Type '{ children: Element[]; className: string; }' is not assignable to type 'IntrinsicAttributes & RefAttributes<any>'.
  Property 'children' does not exist on type 'IntrinsicAttributes & RefAttributes<any>'.
app/portal/pages-temp/ClientPortal.tsx(951,64): error TS2339: Property 'id' does not exist on type 'never'.
app/portal/pages-temp/ClientPortal.tsx(966,60): error TS2339: Property 'payment_type' does not exist on type 'never'.
app/portal/pages-temp/ClientPortal.tsx(966,122): error TS2339: Property 'deposit_percentage' does not exist on type 'never'.
app/portal/pages-temp/ClientPortal.tsx(966,193): error TS2339: Property 'total_amount' does not exist on type 'never'.
app/portal/pages-temp/ClientPortal.tsx(966,232): error TS2339: Property 'payment_type' does not exist on type 'never'.
app/portal/pages-temp/ClientPortal.tsx(966,281): error TS2339: Property 'deposit_percentage' does not exist on type 'never'.
app/portal/pages-temp/ClientPortal.tsx(978,38): error TS18047: 'e.target.files' is possibly 'null'.
app/portal/pages-temp/ClientPortal.tsx(993,16): error TS2559: Type '{ children: Element; }' has no properties in common with type 'IntrinsicAttributes & RefAttributes<any>'.
app/portal/pages-temp/ClientPortal.tsx(1026,40): error TS18047: 'e.target.files' is possibly 'null'.
app/portal/pages-temp/ClientPortal.tsx(1035,16): error TS2559: Type '{ children: Element; }' has no properties in common with type 'IntrinsicAttributes & RefAttributes<any>'.
app/portal/pages-temp/ClientPortal.tsx(1060,10): error TS2559: Type '{ children: Element[]; }' has no properties in common with type 'IntrinsicAttributes & RefAttributes<any>'.
app/portal/pages-temp/ClientPortal.tsx(1061,12): error TS2559: Type '{ children: Element[]; }' has no properties in common with type 'IntrinsicAttributes & RefAttributes<any>'.
app/portal/pages-temp/ClientPortal.tsx(1062,14): error TS2559: Type '{ children: string; }' has no properties in common with type 'IntrinsicAttributes & RefAttributes<any>'.
app/portal/pages-temp/ClientPortal.tsx(1063,14): error TS2559: Type '{ children: string; }' has no properties in common with type 'IntrinsicAttributes & RefAttributes<any>'.
app/portal/pages-temp/ClientPortal.tsx(1087,12): error TS2559: Type '{ children: Element; }' has no properties in common with type 'IntrinsicAttributes & RefAttributes<any>'.
app/portal/pages-temp/ClientPortal.tsx(1095,10): error TS2322: Type '{ children: Element[]; className: string; }' is not assignable to type 'IntrinsicAttributes & RefAttributes<any>'.
  Property 'children' does not exist on type 'IntrinsicAttributes & RefAttributes<any>'.
app/portal/pages-temp/ClientPortal.tsx(1096,12): error TS2559: Type '{ children: Element[]; }' has no properties in common with type 'IntrinsicAttributes & RefAttributes<any>'.
app/portal/pages-temp/ClientPortal.tsx(1097,14): error TS2322: Type '{ children: (string | Element)[]; className: string; }' is not assignable to type 'IntrinsicAttributes & RefAttributes<any>'.
  Property 'children' does not exist on type 'IntrinsicAttributes & RefAttributes<any>'.
app/portal/pages-temp/ClientPortal.tsx(1100,14): error TS2559: Type '{ children: string; }' has no properties in common with type 'IntrinsicAttributes & RefAttributes<any>'.
app/portal/pages-temp/ClientPortal.tsx(1124,27): error TS18046: 'err' is of type 'unknown'.
app/portal/pages-temp/ClientPortal.tsx(1149,14): error TS2559: Type '{ children: Element[]; }' has no properties in common with type 'IntrinsicAttributes & RefAttributes<any>'.
app/portal/pages-temp/ClientPortal.tsx(1162,10): error TS2322: Type '{ children: Element[]; className: string; }' is not assignable to type 'IntrinsicAttributes & RefAttributes<any>'.
  Property 'children' does not exist on type 'IntrinsicAttributes & RefAttributes<any>'.
app/portal/pages-temp/ClientPortal.tsx(1163,12): error TS2559: Type '{ children: Element[]; }' has no properties in common with type 'IntrinsicAttributes & RefAttributes<any>'.
app/portal/pages-temp/ClientPortal.tsx(1164,14): error TS2322: Type '{ children: (string | Element)[]; className: string; }' is not assignable to type 'IntrinsicAttributes & RefAttributes<any>'.
  Property 'children' does not exist on type 'IntrinsicAttributes & RefAttributes<any>'.
app/portal/pages-temp/ClientPortal.tsx(1167,14): error TS2559: Type '{ children: string; }' has no properties in common with type 'IntrinsicAttributes & RefAttributes<any>'.
app/portal/pages-temp/ClientPortal.tsx(1192,27): error TS18046: 'err' is of type 'unknown'.
app/portal/pages-temp/ClientPortal.tsx(1227,14): error TS2559: Type '{ children: Element[]; }' has no properties in common with type 'IntrinsicAttributes & RefAttributes<any>'.
app/portal/pages-temp/Clients.tsx(25,33): error TS2769: No overload matches this call.
  Overload 1 of 4, '(value: string | number | Date): Date', gave the following error.
    Argument of type 'string | undefined' is not assignable to parameter of type 'string | number | Date'.
      Type 'undefined' is not assignable to type 'string | number | Date'.
  Overload 2 of 4, '(value: string | number): Date', gave the following error.
    Argument of type 'string | undefined' is not assignable to parameter of type 'string | number'.
      Type 'undefined' is not assignable to type 'string | number'.
app/portal/pages-temp/Clients.tsx(135,11): error TS2322: Type 'Client | null' is not assignable to type 'null | undefined'.
  Type 'Client' is not assignable to type 'null | undefined'.
app/portal/pages-temp/Clients.tsx(225,35): error TS2769: No overload matches this call.
  Overload 1 of 4, '(value: string | number | Date): Date', gave the following error.
    Argument of type 'string | undefined' is not assignable to parameter of type 'string | number | Date'.
      Type 'undefined' is not assignable to type 'string | number | Date'.
  Overload 2 of 4, '(value: string | number): Date', gave the following error.
    Argument of type 'string | undefined' is not assignable to parameter of type 'string | number'.
      Type 'undefined' is not assignable to type 'string | number'.
app/portal/pages-temp/Contracts.tsx(47,20): error TS2345: Argument of type 'any[]' is not assignable to parameter of type 'SetStateAction<never[]>'.
  Type 'any[]' is not assignable to type 'never[]'.
    Type 'any' is not assignable to type 'never'.
app/portal/pages-temp/Contracts.tsx(61,18): error TS2345: Argument of type '{ id: any; name: any; company: any; }[]' is not assignable to parameter of type 'SetStateAction<never[]>'.
  Type '{ id: any; name: any; company: any; }[]' is not assignable to type 'never[]'.
    Type '{ id: any; name: any; company: any; }' is not assignable to type 'never'.
app/portal/pages-temp/Contracts.tsx(93,31): error TS7006: Parameter 'e' implicitly has an 'any' type.
app/portal/pages-temp/Contracts.tsx(136,39): error TS7006: Parameter 'contractId' implicitly has an 'any' type.
app/portal/pages-temp/Contracts.tsx(136,51): error TS7006: Parameter 'currentStatus' implicitly has an 'any' type.
app/portal/pages-temp/Contracts.tsx(160,34): error TS7006: Parameter 'contract' implicitly has an 'any' type.
app/portal/pages-temp/Contracts.tsx(221,22): error TS7006: Parameter 'date' implicitly has an 'any' type.
app/portal/pages-temp/Contracts.tsx(224,37): error TS2362: The left-hand side of an arithmetic operation must be of type 'any', 'number', 'bigint' or an enum type.
app/portal/pages-temp/Contracts.tsx(224,47): error TS2363: The right-hand side of an arithmetic operation must be of type 'any', 'number', 'bigint' or an enum type.
app/portal/pages-temp/Contracts.tsx(228,22): error TS7006: Parameter 'date' implicitly has an 'any' type.
app/portal/pages-temp/Contracts.tsx(236,14): error TS2339: Property 'description' does not exist on type 'never'.
app/portal/pages-temp/Contracts.tsx(237,14): error TS2339: Property 'clients' does not exist on type 'never'.
app/portal/pages-temp/Contracts.tsx(241,51): error TS2339: Property 'active' does not exist on type 'never'.
app/portal/pages-temp/Contracts.tsx(252,22): error TS2339: Property 'amount' does not exist on type 'never'.
app/portal/pages-temp/Contracts.tsx(253,15): error TS2339: Property 'frequency' does not exist on type 'never'.
app/portal/pages-temp/Contracts.tsx(297,40): error TS2339: Property 'active' does not exist on type 'never'.
app/portal/pages-temp/Contracts.tsx(297,62): error TS2339: Property 'next_billing_date' does not exist on type 'never'.
app/portal/pages-temp/Contracts.tsx(317,12): error TS2322: Type '{ children: Element; asChild: true; }' is not assignable to type 'IntrinsicAttributes & RefAttributes<any>'.
  Property 'children' does not exist on type 'IntrinsicAttributes & RefAttributes<any>'.
app/portal/pages-temp/Contracts.tsx(323,12): error TS2322: Type '{ children: Element[]; className: string; }' is not assignable to type 'IntrinsicAttributes & RefAttributes<any>'.
  Property 'children' does not exist on type 'IntrinsicAttributes & RefAttributes<any>'.
app/portal/pages-temp/Contracts.tsx(324,14): error TS2559: Type '{ children: Element[]; }' has no properties in common with type 'IntrinsicAttributes & RefAttributes<any>'.
app/portal/pages-temp/Contracts.tsx(325,16): error TS2559: Type '{ children: string; }' has no properties in common with type 'IntrinsicAttributes & RefAttributes<any>'.
app/portal/pages-temp/Contracts.tsx(326,16): error TS2559: Type '{ children: string; }' has no properties in common with type 'IntrinsicAttributes & RefAttributes<any>'.
app/portal/pages-temp/Contracts.tsx(334,20): error TS2739: Type '{ children: Element[]; value: string; onValueChange: (value: any) => void; required: true; }' is missing the following properties from type '{ [x: string]: any; value: any; defaultValue: any; onValueChange: any; open: any; defaultOpen?: boolean | undefined; onOpenChange: any; disabled?: boolean | undefined; className: any; children: any; }': defaultValue, open, onOpenChange, className
app/portal/pages-temp/Contracts.tsx(336,37): error TS7006: Parameter 'value' implicitly has an 'any' type.
app/portal/pages-temp/Contracts.tsx(339,22): error TS2559: Type '{ children: Element; }' has no properties in common with type 'IntrinsicAttributes & RefAttributes<any>'.
app/portal/pages-temp/Contracts.tsx(340,24): error TS2739: Type '{ placeholder: string; }' is missing the following properties from type '{ [x: string]: any; className: any; placeholder: any; children: any; }': className, children
app/portal/pages-temp/Contracts.tsx(342,22): error TS2559: Type '{ children: Element[]; }' has no properties in common with type 'IntrinsicAttributes & RefAttributes<any>'.
app/portal/pages-temp/Contracts.tsx(344,26): error TS2322: Type '{ children: any[]; key: any; value: any; }' is not assignable to type 'IntrinsicAttributes & RefAttributes<any>'.
  Property 'children' does not exist on type 'IntrinsicAttributes & RefAttributes<any>'.
app/portal/pages-temp/Contracts.tsx(344,49): error TS2339: Property 'id' does not exist on type 'never'.
app/portal/pages-temp/Contracts.tsx(344,67): error TS2339: Property 'id' does not exist on type 'never'.
app/portal/pages-temp/Contracts.tsx(345,35): error TS2339: Property 'name' does not exist on type 'never'.
app/portal/pages-temp/Contracts.tsx(345,49): error TS2339: Property 'company' does not exist on type 'never'.
app/portal/pages-temp/Contracts.tsx(345,71): error TS2339: Property 'company' does not exist on type 'never'.
app/portal/pages-temp/Contracts.tsx(380,22): error TS2739: Type '{ children: Element[]; value: string; onValueChange: (value: any) => void; required: true; }' is missing the following properties from type '{ [x: string]: any; value: any; defaultValue: any; onValueChange: any; open: any; defaultOpen?: boolean | undefined; onOpenChange: any; disabled?: boolean | undefined; className: any; children: any; }': defaultValue, open, onOpenChange, className
app/portal/pages-temp/Contracts.tsx(382,39): error TS7006: Parameter 'value' implicitly has an 'any' type.
app/portal/pages-temp/Contracts.tsx(385,24): error TS2559: Type '{ children: Element; }' has no properties in common with type 'IntrinsicAttributes & RefAttributes<any>'.
app/portal/pages-temp/Contracts.tsx(386,26): error TS2739: Type '{}' is missing the following properties from type '{ [x: string]: any; className: any; placeholder: any; children: any; }': className, placeholder, children
app/portal/pages-temp/Contracts.tsx(388,24): error TS2559: Type '{ children: Element[]; }' has no properties in common with type 'IntrinsicAttributes & RefAttributes<any>'.
app/portal/pages-temp/Contracts.tsx(389,26): error TS2322: Type '{ children: string; value: string; }' is not assignable to type 'IntrinsicAttributes & RefAttributes<any>'.
  Property 'children' does not exist on type 'IntrinsicAttributes & RefAttributes<any>'.
app/portal/pages-temp/Contracts.tsx(390,26): error TS2322: Type '{ children: string; value: string; }' is not assignable to type 'IntrinsicAttributes & RefAttributes<any>'.
  Property 'children' does not exist on type 'IntrinsicAttributes & RefAttributes<any>'.
app/portal/pages-temp/Contracts.tsx(391,26): error TS2322: Type '{ children: string; value: string; }' is not assignable to type 'IntrinsicAttributes & RefAttributes<any>'.
  Property 'children' does not exist on type 'IntrinsicAttributes & RefAttributes<any>'.
app/portal/pages-temp/Contracts.tsx(392,26): error TS2322: Type '{ children: string; value: string; }' is not assignable to type 'IntrinsicAttributes & RefAttributes<any>'.
  Property 'children' does not exist on type 'IntrinsicAttributes & RefAttributes<any>'.
app/portal/pages-temp/Contracts.tsx(424,21): error TS2322: Type '{ id: string; checked: boolean; onCheckedChange: (checked: any) => void; }' is not assignable to type 'IntrinsicAttributes & RefAttributes<any>'.
  Property 'id' does not exist on type 'IntrinsicAttributes & RefAttributes<any>'.
app/portal/pages-temp/Contracts.tsx(426,39): error TS7006: Parameter 'checked' implicitly has an 'any' type.
app/portal/pages-temp/Contracts.tsx(431,16): error TS2559: Type '{ children: Element[]; }' has no properties in common with type 'IntrinsicAttributes & RefAttributes<any>'.
app/portal/pages-temp/Contracts.tsx(449,33): error TS2339: Property 'id' does not exist on type 'never'.
app/portal/pages-temp/Contracts.tsx(450,76): error TS2339: Property 'active' does not exist on type 'never'.
app/portal/pages-temp/Contracts.tsx(455,33): error TS2339: Property 'clients' does not exist on type 'never'.
app/portal/pages-temp/Contracts.tsx(458,73): error TS2339: Property 'clients' does not exist on type 'never'.
app/portal/pages-temp/Contracts.tsx(460,44): error TS2339: Property 'active' does not exist on type 'never'.
app/portal/pages-temp/Contracts.tsx(460,98): error TS2339: Property 'active' does not exist on type 'never'.
app/portal/pages-temp/Contracts.tsx(461,31): error TS2339: Property 'active' does not exist on type 'never'.
app/portal/pages-temp/Contracts.tsx(468,46): error TS2339: Property 'amount' does not exist on type 'never'.
app/portal/pages-temp/Contracts.tsx(471,32): error TS2339: Property 'frequency' does not exist on type 'never'.
app/portal/pages-temp/Contracts.tsx(477,31): error TS2339: Property 'description' does not exist on type 'never'.
app/portal/pages-temp/Contracts.tsx(482,72): error TS2339: Property 'next_billing_date' does not exist on type 'never'.
app/portal/pages-temp/Contracts.tsx(482,129): error TS2339: Property 'next_billing_date' does not exist on type 'never'.
app/portal/pages-temp/Contracts.tsx(483,42): error TS2339: Property 'next_billing_date' does not exist on type 'never'.
app/portal/pages-temp/Contracts.tsx(494,39): error TS2339: Property 'active' does not exist on type 'never'.
app/portal/pages-temp/Contracts.tsx(500,37): error TS2339: Property 'active' does not exist on type 'never'.
app/portal/pages-temp/Contracts.tsx(502,49): error TS2339: Property 'active' does not exist on type 'never'.
app/portal/pages-temp/Contracts.tsx(503,64): error TS2339: Property 'id' does not exist on type 'never'.
app/portal/pages-temp/Contracts.tsx(503,77): error TS2339: Property 'active' does not exist on type 'never'.
app/portal/pages-temp/Contracts.tsx(505,29): error TS2339: Property 'active' does not exist on type 'never'.
app/portal/pages-temp/CreatePurchaseOrder.tsx(77,41): error TS7006: Parameter 'l' implicitly has an 'any' type.
app/portal/pages-temp/CreatePurchaseOrder.tsx(208,24): error TS18047: 'data' is possibly 'null'.
app/portal/pages-temp/CreatePurchaseOrder.tsx(332,42): error TS2322: Type '{ children: Element; className: string; align: string; }' is not assignable to type 'IntrinsicAttributes & RefAttributes<any>'.
  Property 'children' does not exist on type 'IntrinsicAttributes & RefAttributes<any>'.
app/portal/pages-temp/CreatePurchaseOrder.tsx(333,46): error TS2559: Type '{ children: Element[]; }' has no properties in common with type 'IntrinsicAttributes & RefAttributes<any>'.
app/portal/pages-temp/CreatePurchaseOrder.tsx(334,63): error TS2322: Type '{ placeholder: string; }' is not assignable to type 'IntrinsicAttributes & RefAttributes<any>'.
  Property 'placeholder' does not exist on type 'IntrinsicAttributes & RefAttributes<any>'.
app/portal/pages-temp/CreatePurchaseOrder.tsx(335,50): error TS2559: Type '{ children: Element[]; }' has no properties in common with type 'IntrinsicAttributes & RefAttributes<any>'.
app/portal/pages-temp/CreatePurchaseOrder.tsx(336,54): error TS2559: Type '{ children: Element; }' has no properties in common with type 'IntrinsicAttributes & RefAttributes<any>'.
app/portal/pages-temp/CreatePurchaseOrder.tsx(352,54): error TS2559: Type '{ children: Element[]; }' has no properties in common with type 'IntrinsicAttributes & RefAttributes<any>'.
app/portal/pages-temp/CreatePurchaseOrder.tsx(354,62): error TS2322: Type '{ children: string; key: string; value: string; onSelect: () => void; }' is not assignable to type 'IntrinsicAttributes & RefAttributes<any>'.
  Property 'children' does not exist on type 'IntrinsicAttributes & RefAttributes<any>'.
app/portal/pages-temp/CreatePurchaseOrder.tsx(546,45): error TS2322: Type '{ checked: boolean; onCheckedChange: Dispatch<SetStateAction<boolean>>; className: string; }' is not assignable to type 'IntrinsicAttributes & RefAttributes<any>'.
  Property 'checked' does not exist on type 'IntrinsicAttributes & RefAttributes<any>'.
app/portal/pages-temp/CreatePurchaseOrder.tsx(555,44): error TS2322: Type '{ className: string; }' is not assignable to type 'IntrinsicAttributes & RefAttributes<any>'.
  Property 'className' does not exist on type 'IntrinsicAttributes & RefAttributes<any>'.
app/portal/pages-temp/Sales.tsx(402,20): error TS2339: Property 'site_plan_url' does not exist on type '{ lines: any[]; id: string; client_id: string; status: "Draft" | "Pending Review" | "Rejected" | "Sent" | "Approved" | "Accepted" | "Converted" | "Cancelled"; date_created: string; valid_until?: string | undefined; ... 10 more ...; clients?: Pick<...> | undefined; } | { ...; }'.
  Property 'site_plan_url' does not exist on type '{ lines: any[]; id: string; client_id: string; quotation_id?: string | undefined; status: "Draft" | "Sent" | "Paid" | "Overdue" | "Cancelled"; date_created: string; due_date?: string | undefined; ... 6 more ...; payment_proof?: string | undefined; }'.
app/portal/pages-temp/Sales.tsx(486,43): error TS2339: Property 'valid_until' does not exist on type 'Quotation | Invoice'.
  Property 'valid_until' does not exist on type 'Invoice'.
app/portal/pages-temp/Sales.tsx(487,42): error TS2339: Property 'valid_until' does not exist on type 'Quotation | Invoice'.
  Property 'valid_until' does not exist on type 'Invoice'.
app/portal/pages-temp/Sales.tsx(489,41): error TS2339: Property 'due_date' does not exist on type 'Quotation | Invoice'.
  Property 'due_date' does not exist on type 'Quotation'.
app/portal/pages-temp/Sales.tsx(490,40): error TS2339: Property 'due_date' does not exist on type 'Quotation | Invoice'.
  Property 'due_date' does not exist on type 'Quotation'.
app/portal/pages-temp/Sales.tsx(538,111): error TS2345: Argument of type 'string | undefined' is not assignable to parameter of type 'string'.
  Type 'undefined' is not assignable to type 'string'.
app/portal/pages-temp/Sales.tsx(614,46): error TS2345: Argument of type 'string | undefined' is not assignable to parameter of type 'string'.
  Type 'undefined' is not assignable to type 'string'.
app/portal/pages-temp/Sales.tsx(685,8): error TS2739: Type '{ children: Element[]; defaultValue: string; className: string; }' is missing the following properties from type '{ [x: string]: any; value: any; defaultValue: any; onValueChange: any; children: any; className: any; }': value, onValueChange
app/portal/pages-temp/Sales.tsx(687,12): error TS2322: Type '{ children: Element[]; className: string; }' is not assignable to type 'IntrinsicAttributes & RefAttributes<any>'.
  Property 'children' does not exist on type 'IntrinsicAttributes & RefAttributes<any>'.
app/portal/pages-temp/Sales.tsx(688,14): error TS2322: Type '{ children: (string | false | Element)[]; value: string; className: string; }' is not assignable to type 'IntrinsicAttributes & RefAttributes<any>'.
  Property 'children' does not exist on type 'IntrinsicAttributes & RefAttributes<any>'.
app/portal/pages-temp/Sales.tsx(697,14): error TS2322: Type '{ children: string; value: string; }' is not assignable to type 'IntrinsicAttributes & RefAttributes<any>'.
  Property 'children' does not exist on type 'IntrinsicAttributes & RefAttributes<any>'.
app/portal/pages-temp/Sales.tsx(698,14): error TS2322: Type '{ children: string; value: string; }' is not assignable to type 'IntrinsicAttributes & RefAttributes<any>'.
  Property 'children' does not exist on type 'IntrinsicAttributes & RefAttributes<any>'.
app/portal/pages-temp/Sales.tsx(699,14): error TS2322: Type '{ children: string; value: string; }' is not assignable to type 'IntrinsicAttributes & RefAttributes<any>'.
  Property 'children' does not exist on type 'IntrinsicAttributes & RefAttributes<any>'.
app/portal/pages-temp/Sales.tsx(700,14): error TS2322: Type '{ children: string; value: string; }' is not assignable to type 'IntrinsicAttributes & RefAttributes<any>'.
  Property 'children' does not exist on type 'IntrinsicAttributes & RefAttributes<any>'.
app/portal/pages-temp/Sales.tsx(704,10): error TS2322: Type '{ children: (false | Element | Element[])[]; value: string; className: string; }' is not assignable to type 'IntrinsicAttributes & RefAttributes<any>'.
  Property 'children' does not exist on type 'IntrinsicAttributes & RefAttributes<any>'.
app/portal/pages-temp/Sales.tsx(720,10): error TS2322: Type '{ children: (false | Element | Element[])[]; value: string; className: string; }' is not assignable to type 'IntrinsicAttributes & RefAttributes<any>'.
  Property 'children' does not exist on type 'IntrinsicAttributes & RefAttributes<any>'.
app/portal/pages-temp/Sales.tsx(792,10): error TS2322: Type '{ children: (false | Element | Element[])[]; value: string; className: string; }' is not assignable to type 'IntrinsicAttributes & RefAttributes<any>'.
  Property 'children' does not exist on type 'IntrinsicAttributes & RefAttributes<any>'.
app/portal/pages-temp/Sales.tsx(807,10): error TS2322: Type '{ children: (false | Element | Element[])[]; value: string; className: string; }' is not assignable to type 'IntrinsicAttributes & RefAttributes<any>'.
  Property 'children' does not exist on type 'IntrinsicAttributes & RefAttributes<any>'.
app/portal/pages-temp/Sales.tsx(821,10): error TS2322: Type '{ children: (false | Element | Element[])[]; value: string; className: string; }' is not assignable to type 'IntrinsicAttributes & RefAttributes<any>'.
  Property 'children' does not exist on type 'IntrinsicAttributes & RefAttributes<any>'.
app/portal/pages-temp/Sales.tsx(835,49): error TS2322: Type '"xs"' is not assignable to type '"icon" | "default" | "sm" | "lg" | null | undefined'.
app/portal/pages-temp/Sales.tsx(839,49): error TS2322: Type '"xs"' is not assignable to type '"icon" | "default" | "sm" | "lg" | null | undefined'.
app/portal/pages-temp/Sales.tsx(901,10): error TS2322: Type '{ children: ("" | Element | null)[]; className: string; }' is not assignable to type 'IntrinsicAttributes & RefAttributes<any>'.
  Property 'children' does not exist on type 'IntrinsicAttributes & RefAttributes<any>'.
app/portal/pages-temp/Sales.tsx(902,12): error TS2559: Type '{ children: Element[]; }' has no properties in common with type 'IntrinsicAttributes & RefAttributes<any>'.
app/portal/pages-temp/Sales.tsx(903,14): error TS2559: Type '{ children: string; }' has no properties in common with type 'IntrinsicAttributes & RefAttributes<any>'.
app/portal/pages-temp/Sales.tsx(904,14): error TS2559: Type '{ children: (string | undefined)[]; }' has no properties in common with type 'IntrinsicAttributes & RefAttributes<any>'.
